<?xml version="1.0" encoding="UTF-8"?>
<testng-results ignored="0" total="1" passed="1" failed="0" skipped="0">
  <reporter-output>
  </reporter-output>
  <suite started-at="2024-12-27T20:36:57 IST" name="Surefire suite" finished-at="2024-12-27T20:37:04 IST" duration-ms="6602">
    <groups>
    </groups>
    <test started-at="2024-12-27T20:36:57 IST" name="Surefire test" finished-at="2024-12-27T20:37:04 IST" duration-ms="6602">
      <class name="com.api.testcases.CoinDeskAPITest">
        <test-method signature="testCurrentPrice()[pri:0, instance:com.api.testcases.CoinDeskAPITest@5b367418]" started-at="2024-12-27T20:36:57 IST" name="testCurrentPrice" finished-at="2024-12-27T20:37:04 IST" duration-ms="6502" status="PASS">
          <reporter-output>
          </reporter-output>
        </test-method> <!-- testCurrentPrice -->
      </class> <!-- com.api.testcases.CoinDeskAPITest -->
    </test> <!-- Surefire test -->
  </suite> <!-- Surefire suite -->
</testng-results>
